<?xml version="1.0" ?>
<coverage version="7.5.0" timestamp="1716500000000" lines-valid="420" lines-covered="126" line-rate="0.30" branches-covered="0" branches-valid="0" branch-rate="0" complexity="0">
  <sources>
    <source>src</source>
  </sources>
  <packages>
    <package name="book_scores" line-rate="0.30" branch-rate="0" complexity="0">
      <classes>
        <class name="models.py" filename="book_scores/models.py" line-rate="0.70" branch-rate="0" complexity="0">
          <methods/>
          <lines>
            <line number="1" hits="1"/>
            <line number="2" hits="1"/>
            <line number="3" hits="1"/>
            <line number="4" hits="1"/>
            <line number="5" hits="1"/>
            <line number="6" hits="1"/>
            <line number="7" hits="1"/>
            <line number="10" hits="0"/>
            <line number="11" hits="0"/>
            <line number="12" hits="0"/>
          </lines>
        </class>
        <class name="scoring_a.py" filename="book_scores/scoring_a.py" line-rate="0.65" branch-rate="0" complexity="0"><methods/><lines>
          <line number="1" hits="1"/><line number="2" hits="1"/><line number="3" hits="1"/><line number="5" hits="1"/><line number="9" hits="1"/><line number="11" hits="1"/><line number="13" hits="0"/><line number="15" hits="0"/><line number="17" hits="0"/><line number="19" hits="0"/><line number="21" hits="1"/><line number="25" hits="1"/><line number="27" hits="0"/><line number="29" hits="1"/><line number="31" hits="0"/><line number="33" hits="0"/><line number="35" hits="0"/><line number="37" hits="0"/><line number="41" hits="1"/><line number="43" hits="0"/><line number="45" hits="0"/><line number="47" hits="1"/><line number="49" hits="0"/><line number="51" hits="0"/><line number="53" hits="0"/><line number="55" hits="0"/><line number="57" hits="0"/><line number="59" hits="1"/><line number="66" hits="1"/><line number="70" hits="1"/>
        </lines></class>
        <class name="scoring_b.py" filename="book_scores/scoring_b.py" line-rate="0.05" branch-rate="0" complexity="0"><methods/><lines><line number="1" hits="1"/><line number="2" hits="0"/></lines></class>
        <class name="scoring_c.py" filename="book_scores/scoring_c.py" line-rate="0.05" branch-rate="0" complexity="0"><methods/><lines><line number="1" hits="1"/><line number="2" hits="0"/></lines></class>
        <class name="scoring_d.py" filename="book_scores/scoring_d.py" line-rate="0.00" branch-rate="0" complexity="0"><methods/><lines><line number="1" hits="0"/><line number="2" hits="0"/></lines></class>
        <class name="scoring_e.py" filename="book_scores/scoring_e.py" line-rate="0.00" branch-rate="0" complexity="0"><methods/><lines><line number="1" hits="0"/><line number="2" hits="0"/></lines></class>
        <class name="scoring_f.py" filename="book_scores/scoring_f.py" line-rate="0.00" branch-rate="0" complexity="0"><methods/><lines><line number="1" hits="0"/><line number="2" hits="0"/></lines></class>
        <class name="reporting.py" filename="book_scores/reporting.py" line-rate="0.00" branch-rate="0" complexity="0"><methods/><lines><line number="1" hits="0"/><line number="2" hits="0"/></lines></class>
        <class name="data_quality.py" filename="book_scores/data_quality.py" line-rate="0.00" branch-rate="0" complexity="0"><methods/><lines><line number="1" hits="0"/><line number="2" hits="0"/></lines></class>
      </classes>
    </package>
  </packages>
</coverage>
